<?xml version="1.0" encoding="UTF-8"?>
<testng-results ignored="0" total="5" passed="4" failed="1" skipped="0">
  <reporter-output>
  </reporter-output>
  <suite started-at="2024-04-26T10:42:09 IST" name="AE_RegressionSuit" finished-at="2024-04-26T10:43:38 IST" duration-ms="89644">
    <groups>
    </groups>
    <test started-at="2024-04-26T10:42:09 IST" name="Test" finished-at="2024-04-26T10:43:38 IST" duration-ms="89644">
      <class name="testAE1.AE_TSC001">
        <test-method is-config="true" signature="launchBrowser()[pri:0, instance:testAE1.AE_TSC001@1fa268de]" started-at="2024-04-26T10:42:09 IST" name="launchBrowser" finished-at="2024-04-26T10:42:11 IST" duration-ms="2578" status="PASS">
          <reporter-output>
          </reporter-output>
        </test-method> <!-- launchBrowser -->
        <test-method is-config="true" signature="navigateURL()[pri:0, instance:testAE1.AE_TSC001@1fa268de]" started-at="2024-04-26T10:42:11 IST" name="navigateURL" finished-at="2024-04-26T10:42:21 IST" duration-ms="9131" status="PASS">
          <reporter-output>
          </reporter-output>
        </test-method> <!-- navigateURL -->
        <test-method signature="loginAndPlaceOrder()[pri:0, instance:testAE1.AE_TSC001@1fa268de]" started-at="2024-04-26T10:42:21 IST" name="loginAndPlaceOrder" finished-at="2024-04-26T10:42:41 IST" duration-ms="20243" status="FAIL">
          <exception class="org.openqa.selenium.NoSuchElementException">
            <message>
              <![CDATA[no such element: Unable to locate element: {"method":"xpath","selector":"//a[text()=' Logout']"}
  (Session info: chrome=124.0.6367.78)
For documentation on this error, please visit: https://www.selenium.dev/documentation/webdriver/troubleshooting/errors#no-such-element-exception
Build info: version: '4.19.1', revision: 'abe0ee07dc'
System info: os.name: 'Windows 11', os.arch: 'amd64', os.version: '10.0', java.version: '21.0.1'
Driver info: org.openqa.selenium.chrome.ChromeDriver
Command: [6a90e0251bc41452aa2d015397d502a7, findElement {value=//a[text()=' Logout'], using=xpath}]
Capabilities {acceptInsecureCerts: false, browserName: chrome, browserVersion: 124.0.6367.78, chrome: {chromedriverVersion: 124.0.6367.91 (51df0e5e17a8..., userDataDir: C:\Users\Aniket\AppData\Loc...}, fedcm:accounts: true, goog:chromeOptions: {debuggerAddress: localhost:61851}, networkConnectionEnabled: false, pageLoadStrategy: normal, platformName: windows, proxy: Proxy(), se:cdp: ws://localhost:61851/devtoo..., se:cdpVersion: 124.0.6367.78, setWindowRect: true, strictFileInteractability: false, timeouts: {implicit: 0, pageLoad: 300000, script: 30000}, unhandledPromptBehavior: dismiss and notify, webauthn:extension:credBlob: true, webauthn:extension:largeBlob: true, webauthn:extension:minPinLength: true, webauthn:extension:prf: true, webauthn:virtualAuthenticators: true}
Session ID: 6a90e0251bc41452aa2d015397d502a7]]>
            </message>
            <full-stacktrace>
              <![CDATA[org.openqa.selenium.NoSuchElementException: no such element: Unable to locate element: {"method":"xpath","selector":"//a[text()=' Logout']"}
  (Session info: chrome=124.0.6367.78)
For documentation on this error, please visit: https://www.selenium.dev/documentation/webdriver/troubleshooting/errors#no-such-element-exception
Build info: version: '4.19.1', revision: 'abe0ee07dc'
System info: os.name: 'Windows 11', os.arch: 'amd64', os.version: '10.0', java.version: '21.0.1'
Driver info: org.openqa.selenium.chrome.ChromeDriver
Command: [6a90e0251bc41452aa2d015397d502a7, findElement {value=//a[text()=' Logout'], using=xpath}]
Capabilities {acceptInsecureCerts: false, browserName: chrome, browserVersion: 124.0.6367.78, chrome: {chromedriverVersion: 124.0.6367.91 (51df0e5e17a8..., userDataDir: C:\Users\Aniket\AppData\Loc...}, fedcm:accounts: true, goog:chromeOptions: {debuggerAddress: localhost:61851}, networkConnectionEnabled: false, pageLoadStrategy: normal, platformName: windows, proxy: Proxy(), se:cdp: ws://localhost:61851/devtoo..., se:cdpVersion: 124.0.6367.78, setWindowRect: true, strictFileInteractability: false, timeouts: {implicit: 0, pageLoad: 300000, script: 30000}, unhandledPromptBehavior: dismiss and notify, webauthn:extension:credBlob: true, webauthn:extension:largeBlob: true, webauthn:extension:minPinLength: true, webauthn:extension:prf: true, webauthn:virtualAuthenticators: true}
Session ID: 6a90e0251bc41452aa2d015397d502a7
at java.base/jdk.internal.reflect.DirectConstructorHandleAccessor.newInstance(DirectConstructorHandleAccessor.java:62)
at java.base/java.lang.reflect.Constructor.newInstanceWithCaller(Constructor.java:502)
at java.base/java.lang.reflect.Constructor.newInstance(Constructor.java:486)
at org.openqa.selenium.remote.ErrorCodec.decode(ErrorCodec.java:167)
at org.openqa.selenium.remote.codec.w3c.W3CHttpResponseCodec.decode(W3CHttpResponseCodec.java:138)
at org.openqa.selenium.remote.codec.w3c.W3CHttpResponseCodec.decode(W3CHttpResponseCodec.java:50)
at org.openqa.selenium.remote.HttpCommandExecutor.execute(HttpCommandExecutor.java:190)
at org.openqa.selenium.remote.service.DriverCommandExecutor.invokeExecute(DriverCommandExecutor.java:216)
at org.openqa.selenium.remote.service.DriverCommandExecutor.execute(DriverCommandExecutor.java:174)
at org.openqa.selenium.remote.RemoteWebDriver.execute(RemoteWebDriver.java:518)
at org.openqa.selenium.remote.ElementLocation$ElementFinder$2.findElement(ElementLocation.java:165)
at org.openqa.selenium.remote.ElementLocation.findElement(ElementLocation.java:59)
at org.openqa.selenium.remote.RemoteWebDriver.findElement(RemoteWebDriver.java:355)
at org.openqa.selenium.remote.RemoteWebDriver.findElement(RemoteWebDriver.java:349)
at org.openqa.selenium.support.pagefactory.DefaultElementLocator.findElement(DefaultElementLocator.java:68)
at org.openqa.selenium.support.pagefactory.internal.LocatingElementHandler.invoke(LocatingElementHandler.java:38)
at jdk.proxy2/jdk.proxy2.$Proxy15.isDisplayed(Unknown Source)
at packAE1.HomePage.logOutProcess(HomePage.java:60)
at testAE1.AE_TSC001.loginAndPlaceOrder(AE_TSC001.java:206)
at java.base/jdk.internal.reflect.DirectMethodHandleAccessor.invoke(DirectMethodHandleAccessor.java:103)
at java.base/java.lang.reflect.Method.invoke(Method.java:580)
at org.testng.internal.MethodInvocationHelper.invokeMethod(MethodInvocationHelper.java:133)
at org.testng.internal.TestInvoker.invokeMethod(TestInvoker.java:598)
at org.testng.internal.TestInvoker.invokeTestMethod(TestInvoker.java:173)
at org.testng.internal.MethodRunner.runInSequence(MethodRunner.java:46)
at org.testng.internal.TestInvoker$MethodInvocationAgent.invoke(TestInvoker.java:824)
at org.testng.internal.TestInvoker.invokeTestMethods(TestInvoker.java:146)
at org.testng.internal.TestMethodWorker.invokeTestMethods(TestMethodWorker.java:146)
at org.testng.internal.TestMethodWorker.run(TestMethodWorker.java:128)
at java.base/java.util.concurrent.ThreadPoolExecutor.runWorker(ThreadPoolExecutor.java:1144)
at java.base/java.util.concurrent.ThreadPoolExecutor$Worker.run(ThreadPoolExecutor.java:642)
at java.base/java.lang.Thread.run(Thread.java:1583)
]]>
            </full-stacktrace>
          </exception> <!-- org.openqa.selenium.NoSuchElementException -->
          <reporter-output>
          </reporter-output>
        </test-method> <!-- loginAndPlaceOrder -->
        <test-method is-config="true" signature="takeSSAnsDeleteAccount()[pri:0, instance:testAE1.AE_TSC001@1fa268de]" started-at="2024-04-26T10:42:41 IST" name="takeSSAnsDeleteAccount" finished-at="2024-04-26T10:42:50 IST" duration-ms="9569" status="PASS">
          <reporter-output>
          </reporter-output>
        </test-method> <!-- takeSSAnsDeleteAccount -->
        <test-method is-config="true" signature="navigateURL()[pri:0, instance:testAE1.AE_TSC001@1fa268de]" started-at="2024-04-26T10:42:50 IST" name="navigateURL" finished-at="2024-04-26T10:42:53 IST" duration-ms="2443" status="PASS">
          <reporter-output>
          </reporter-output>
        </test-method> <!-- navigateURL -->
        <test-method signature="registerFirstAndPlaceOrder()[pri:0, instance:testAE1.AE_TSC001@1fa268de]" started-at="2024-04-26T10:42:53 IST" name="registerFirstAndPlaceOrder" finished-at="2024-04-26T10:43:13 IST" duration-ms="19720" status="PASS">
          <reporter-output>
          </reporter-output>
        </test-method> <!-- registerFirstAndPlaceOrder -->
        <test-method is-config="true" signature="takeSSAnsDeleteAccount()[pri:0, instance:testAE1.AE_TSC001@1fa268de]" started-at="2024-04-26T10:43:13 IST" name="takeSSAnsDeleteAccount" finished-at="2024-04-26T10:43:14 IST" duration-ms="1572" status="PASS">
          <reporter-output>
          </reporter-output>
        </test-method> <!-- takeSSAnsDeleteAccount -->
        <test-method is-config="true" signature="navigateURL()[pri:0, instance:testAE1.AE_TSC001@1fa268de]" started-at="2024-04-26T10:43:14 IST" name="navigateURL" finished-at="2024-04-26T10:43:16 IST" duration-ms="2139" status="PASS">
          <reporter-output>
          </reporter-output>
        </test-method> <!-- navigateURL -->
        <test-method signature="registerWhilePlaceOrder()[pri:0, instance:testAE1.AE_TSC001@1fa268de]" started-at="2024-04-26T10:43:16 IST" name="registerWhilePlaceOrder" finished-at="2024-04-26T10:43:36 IST" duration-ms="19931" status="PASS">
          <reporter-output>
          </reporter-output>
        </test-method> <!-- registerWhilePlaceOrder -->
        <test-method is-config="true" signature="takeSSAnsDeleteAccount()[pri:0, instance:testAE1.AE_TSC001@1fa268de]" started-at="2024-04-26T10:43:36 IST" name="takeSSAnsDeleteAccount" finished-at="2024-04-26T10:43:38 IST" duration-ms="2078" status="PASS">
          <reporter-output>
          </reporter-output>
        </test-method> <!-- takeSSAnsDeleteAccount -->
        <test-method is-config="true" signature="closeBrowser()[pri:0, instance:testAE1.AE_TSC001@1fa268de]" started-at="2024-04-26T10:43:38 IST" name="closeBrowser" finished-at="2024-04-26T10:43:38 IST" duration-ms="142" status="PASS">
          <reporter-output>
          </reporter-output>
        </test-method> <!-- closeBrowser -->
      </class> <!-- testAE1.AE_TSC001 -->
      <class name="testAE1.AE_TSC002">
        <test-method is-config="true" signature="launchBrowser()[pri:0, instance:testAE1.AE_TSC002@7b9a4292]" started-at="2024-04-26T10:42:09 IST" name="launchBrowser" finished-at="2024-04-26T10:42:12 IST" duration-ms="3222" status="PASS">
          <reporter-output>
          </reporter-output>
        </test-method> <!-- launchBrowser -->
        <test-method is-config="true" signature="navigateMainURL()[pri:0, instance:testAE1.AE_TSC002@7b9a4292]" started-at="2024-04-26T10:42:12 IST" name="navigateMainURL" finished-at="2024-04-26T10:42:23 IST" duration-ms="10739" status="PASS">
          <reporter-output>
          </reporter-output>
        </test-method> <!-- navigateMainURL -->
        <test-method signature="addToCartRecommendedProducts()[pri:0, instance:testAE1.AE_TSC002@7b9a4292]" started-at="2024-04-26T10:42:23 IST" name="addToCartRecommendedProducts" finished-at="2024-04-26T10:42:31 IST" duration-ms="8366" status="PASS">
          <reporter-output>
          </reporter-output>
        </test-method> <!-- addToCartRecommendedProducts -->
        <test-method is-config="true" signature="deleteAccount()[pri:0, instance:testAE1.AE_TSC002@7b9a4292]" started-at="2024-04-26T10:42:31 IST" name="deleteAccount" finished-at="2024-04-26T10:42:31 IST" duration-ms="195" status="PASS">
          <reporter-output>
          </reporter-output>
        </test-method> <!-- deleteAccount -->
        <test-method is-config="true" signature="navigateMainURL()[pri:0, instance:testAE1.AE_TSC002@7b9a4292]" started-at="2024-04-26T10:42:31 IST" name="navigateMainURL" finished-at="2024-04-26T10:42:36 IST" duration-ms="4435" status="PASS">
          <reporter-output>
          </reporter-output>
        </test-method> <!-- navigateMainURL -->
        <test-method signature="removeProductFromCart()[pri:0, instance:testAE1.AE_TSC002@7b9a4292]" started-at="2024-04-26T10:42:36 IST" name="removeProductFromCart" finished-at="2024-04-26T10:42:41 IST" duration-ms="5022" status="PASS">
          <reporter-output>
          </reporter-output>
        </test-method> <!-- removeProductFromCart -->
        <test-method is-config="true" signature="deleteAccount()[pri:0, instance:testAE1.AE_TSC002@7b9a4292]" started-at="2024-04-26T10:42:41 IST" name="deleteAccount" finished-at="2024-04-26T10:42:43 IST" duration-ms="2128" status="PASS">
          <reporter-output>
          </reporter-output>
        </test-method> <!-- deleteAccount -->
        <test-method is-config="true" signature="closeBrowser()[pri:0, instance:testAE1.AE_TSC002@7b9a4292]" started-at="2024-04-26T10:42:43 IST" name="closeBrowser" finished-at="2024-04-26T10:42:44 IST" duration-ms="1224" status="PASS">
          <reporter-output>
          </reporter-output>
        </test-method> <!-- closeBrowser -->
      </class> <!-- testAE1.AE_TSC002 -->
    </test> <!-- Test -->
  </suite> <!-- AE_RegressionSuit -->
</testng-results>
